Loaded songs: 17

============================================================
 🎧 TOP RECOMMENDATIONS FOR: High-Energy Pop (Vibe: Pop, Happy, 0.9) 🎧
============================================================

#1 | Sunrise City by Neon Echo
    🌟 Score: 3.92 / 4.00
    💡 Why?   Genre match (+2.0), Mood match (+1.0), Energy match (+0.92)
------------------------------------------------------------
#2 | Gym Hero by Max Pulse
    🌟 Score: 2.97 / 4.00
    💡 Why?   Genre match (+2.0), Energy match (+0.97)
------------------------------------------------------------
#3 | Rooftop Lights by Indigo Parade
    🌟 Score: 1.86 / 4.00
    💡 Why?   Mood match (+1.0), Energy match (+0.86)
------------------------------------------------------------

============================================================
 🎧 TOP RECOMMENDATIONS FOR: Chill Lofi (Vibe: Lofi, Chill, 0.3) 🎧
============================================================

#1 | Library Rain by Paper Lanterns
    🌟 Score: 3.95 / 4.00
    💡 Why?   Genre match (+2.0), Mood match (+1.0), Energy match (+0.95)
------------------------------------------------------------
#2 | Midnight Coding by LoRoom
    🌟 Score: 3.88 / 4.00
    💡 Why?   Genre match (+2.0), Mood match (+1.0), Energy match (+0.88)
------------------------------------------------------------
#3 | Focus Flow by LoRoom
    🌟 Score: 2.90 / 4.00
    💡 Why?   Genre match (+2.0), Energy match (+0.90)
------------------------------------------------------------

============================================================
 🎧 TOP RECOMMENDATIONS FOR: Deep Intense Rock (Vibe: Rock, Intense, 0.85) 🎧
============================================================

#1 | Storm Runner by Voltline
    🌟 Score: 3.94 / 4.00
    💡 Why?   Genre match (+2.0), Mood match (+1.0), Energy match (+0.94)
------------------------------------------------------------
#2 | Gym Hero by Max Pulse
    🌟 Score: 1.92 / 4.00
    💡 Why?   Mood match (+1.0), Energy match (+0.92)
------------------------------------------------------------
#3 | Sunrise City by Neon Echo
    🌟 Score: 0.97 / 4.00
    💡 Why?   Energy match (+0.97)
------------------------------------------------------------

============================================================
 🎧 TOP RECOMMENDATIONS FOR: Edge Case Sad EDM (Vibe: EDM, Sad, 0.95) 🎧
============================================================

#1 | Neon Pulse by Atlas Drive
    🌟 Score: 2.95 / 4.00
    💡 Why?   Genre match (+2.0), Energy match (+0.95)
------------------------------------------------------------
#2 | Thunder Forge by Iron Skies
    🌟 Score: 0.99 / 4.00
    💡 Why?   Energy match (+0.99)
------------------------------------------------------------
#3 | Gym Hero by Max Pulse
    🌟 Score: 0.98 / 4.00
    💡 Why?   Energy match (+0.98)
------------------------------------------------------------
